<?xml version="1.0" encoding="UTF-8"?>
<testsuite xmlns:xsi="http://www.w3.org/2001/XMLSchema-instance" xsi:noNamespaceSchemaLocation="https://maven.apache.org/surefire/maven-surefire-plugin/xsd/surefire-test-report.xsd" name="com.udacity.ecommerce.controllers.UserControllerTest" time="0.021" tests="3" errors="0" skipped="0" failures="0">
  <properties>
    <property name="java.specification.version" value="14"/>
    <property name="sun.cpu.isalist" value="amd64"/>
    <property name="sun.jnu.encoding" value="Cp1252"/>
    <property name="java.class.path" value="D:\source\udacity\p04\eCommerce\target\test-classes;D:\source\udacity\p04\eCommerce\target\classes;D:\OneDrive - JCT TECH PTY LTD\maven\repo\org\springframework\boot\spring-boot-starter-data-jpa\2.1.5.RELEASE\spring-boot-starter-data-jpa-2.1.5.RELEASE.jar;D:\OneDrive - JCT TECH PTY LTD\maven\repo\org\springframework\boot\spring-boot-starter-aop\2.1.5.RELEASE\spring-boot-starter-aop-2.1.5.RELEASE.jar;D:\OneDrive - JCT TECH PTY LTD\maven\repo\org\aspectj\aspectjweaver\1.9.4\aspectjweaver-1.9.4.jar;D:\OneDrive - JCT TECH PTY LTD\maven\repo\org\springframework\boot\spring-boot-starter-jdbc\2.1.5.RELEASE\spring-boot-starter-jdbc-2.1.5.RELEASE.jar;D:\OneDrive - JCT TECH PTY LTD\maven\repo\com\zaxxer\HikariCP\3.2.0\HikariCP-3.2.0.jar;D:\OneDrive - JCT TECH PTY LTD\maven\repo\org\springframework\spring-jdbc\5.1.7.RELEASE\spring-jdbc-5.1.7.RELEASE.jar;D:\OneDrive - JCT TECH PTY LTD\maven\repo\javax\transaction\javax.transaction-api\1.3\javax.transaction-api-1.3.jar;D:\OneDrive - JCT TECH PTY LTD\maven\repo\javax\xml\bind\jaxb-api\2.3.1\jaxb-api-2.3.1.jar;D:\OneDrive - JCT TECH PTY LTD\maven\repo\javax\activation\javax.activation-api\1.2.0\javax.activation-api-1.2.0.jar;D:\OneDrive - JCT TECH PTY LTD\maven\repo\org\hibernate\hibernate-core\5.3.10.Final\hibernate-core-5.3.10.Final.jar;D:\OneDrive - JCT TECH PTY LTD\maven\repo\org\jboss\logging\jboss-logging\3.3.2.Final\jboss-logging-3.3.2.Final.jar;D:\OneDrive - JCT TECH PTY LTD\maven\repo\javax\persistence\javax.persistence-api\2.2\javax.persistence-api-2.2.jar;D:\OneDrive - JCT TECH PTY LTD\maven\repo\org\javassist\javassist\3.23.2-GA\javassist-3.23.2-GA.jar;D:\OneDrive - JCT TECH PTY LTD\maven\repo\net\bytebuddy\byte-buddy\1.9.12\byte-buddy-1.9.12.jar;D:\OneDrive - JCT TECH PTY LTD\maven\repo\antlr\antlr\2.7.7\antlr-2.7.7.jar;D:\OneDrive - JCT TECH PTY LTD\maven\repo\org\jboss\jandex\2.0.5.Final\jandex-2.0.5.Final.jar;D:\OneDrive - JCT TECH PTY LTD\maven\repo\com\fasterxml\classmate\1.4.0\classmate-1.4.0.jar;D:\OneDrive - JCT TECH PTY LTD\maven\repo\org\dom4j\dom4j\2.1.1\dom4j-2.1.1.jar;D:\OneDrive - JCT TECH PTY LTD\maven\repo\org\hibernate\common\hibernate-commons-annotations\5.0.4.Final\hibernate-commons-annotations-5.0.4.Final.jar;D:\OneDrive - JCT TECH PTY LTD\maven\repo\org\springframework\data\spring-data-jpa\2.1.8.RELEASE\spring-data-jpa-2.1.8.RELEASE.jar;D:\OneDrive - JCT TECH PTY LTD\maven\repo\org\springframework\data\spring-data-commons\2.1.8.RELEASE\spring-data-commons-2.1.8.RELEASE.jar;D:\OneDrive - JCT TECH PTY LTD\maven\repo\org\springframework\spring-orm\5.1.7.RELEASE\spring-orm-5.1.7.RELEASE.jar;D:\OneDrive - JCT TECH PTY LTD\maven\repo\org\springframework\spring-context\5.1.7.RELEASE\spring-context-5.1.7.RELEASE.jar;D:\OneDrive - JCT TECH PTY LTD\maven\repo\org\springframework\spring-tx\5.1.7.RELEASE\spring-tx-5.1.7.RELEASE.jar;D:\OneDrive - JCT TECH PTY LTD\maven\repo\org\springframework\spring-beans\5.1.7.RELEASE\spring-beans-5.1.7.RELEASE.jar;D:\OneDrive - JCT TECH PTY LTD\maven\repo\org\slf4j\slf4j-api\1.7.26\slf4j-api-1.7.26.jar;D:\OneDrive - JCT TECH PTY LTD\maven\repo\org\springframework\spring-aspects\5.1.7.RELEASE\spring-aspects-5.1.7.RELEASE.jar;D:\OneDrive - JCT TECH PTY LTD\maven\repo\org\springframework\boot\spring-boot-starter-web\2.1.5.RELEASE\spring-boot-starter-web-2.1.5.RELEASE.jar;D:\OneDrive - JCT TECH PTY LTD\maven\repo\org\springframework\boot\spring-boot-starter\2.1.5.RELEASE\spring-boot-starter-2.1.5.RELEASE.jar;D:\OneDrive - JCT TECH PTY LTD\maven\repo\org\springframework\boot\spring-boot\2.1.5.RELEASE\spring-boot-2.1.5.RELEASE.jar;D:\OneDrive - JCT TECH PTY LTD\maven\repo\org\springframework\boot\spring-boot-autoconfigure\2.1.5.RELEASE\spring-boot-autoconfigure-2.1.5.RELEASE.jar;D:\OneDrive - JCT TECH PTY LTD\maven\repo\org\springframework\boot\spring-boot-starter-logging\2.1.5.RELEASE\spring-boot-starter-logging-2.1.5.RELEASE.jar;D:\OneDrive - JCT TECH PTY LTD\maven\repo\ch\qos\logback\logback-classic\1.2.3\logback-classic-1.2.3.jar;D:\OneDrive - JCT TECH PTY LTD\maven\repo\ch\qos\logback\logback-core\1.2.3\logback-core-1.2.3.jar;D:\OneDrive - JCT TECH PTY LTD\maven\repo\org\apache\logging\log4j\log4j-to-slf4j\2.11.2\log4j-to-slf4j-2.11.2.jar;D:\OneDrive - JCT TECH PTY LTD\maven\repo\org\apache\logging\log4j\log4j-api\2.11.2\log4j-api-2.11.2.jar;D:\OneDrive - JCT TECH PTY LTD\maven\repo\org\slf4j\jul-to-slf4j\1.7.26\jul-to-slf4j-1.7.26.jar;D:\OneDrive - JCT TECH PTY LTD\maven\repo\org\yaml\snakeyaml\1.23\snakeyaml-1.23.jar;D:\OneDrive - JCT TECH PTY LTD\maven\repo\org\springframework\boot\spring-boot-starter-json\2.1.5.RELEASE\spring-boot-starter-json-2.1.5.RELEASE.jar;D:\OneDrive - JCT TECH PTY LTD\maven\repo\com\fasterxml\jackson\datatype\jackson-datatype-jdk8\2.9.8\jackson-datatype-jdk8-2.9.8.jar;D:\OneDrive - JCT TECH PTY LTD\maven\repo\com\fasterxml\jackson\datatype\jackson-datatype-jsr310\2.9.8\jackson-datatype-jsr310-2.9.8.jar;D:\OneDrive - JCT TECH PTY LTD\maven\repo\com\fasterxml\jackson\module\jackson-module-parameter-names\2.9.8\jackson-module-parameter-names-2.9.8.jar;D:\OneDrive - JCT TECH PTY LTD\maven\repo\org\hibernate\validator\hibernate-validator\6.0.16.Final\hibernate-validator-6.0.16.Final.jar;D:\OneDrive - JCT TECH PTY LTD\maven\repo\javax\validation\validation-api\2.0.1.Final\validation-api-2.0.1.Final.jar;D:\OneDrive - JCT TECH PTY LTD\maven\repo\org\springframework\spring-web\5.1.7.RELEASE\spring-web-5.1.7.RELEASE.jar;D:\OneDrive - JCT TECH PTY LTD\maven\repo\org\springframework\spring-webmvc\5.1.7.RELEASE\spring-webmvc-5.1.7.RELEASE.jar;D:\OneDrive - JCT TECH PTY LTD\maven\repo\org\springframework\spring-expression\5.1.7.RELEASE\spring-expression-5.1.7.RELEASE.jar;D:\OneDrive - JCT TECH PTY LTD\maven\repo\org\springframework\boot\spring-boot-starter-tomcat\2.1.5.RELEASE\spring-boot-starter-tomcat-2.1.5.RELEASE.jar;D:\OneDrive - JCT TECH PTY LTD\maven\repo\javax\annotation\javax.annotation-api\1.3.2\javax.annotation-api-1.3.2.jar;D:\OneDrive - JCT TECH PTY LTD\maven\repo\org\apache\tomcat\embed\tomcat-embed-core\9.0.19\tomcat-embed-core-9.0.19.jar;D:\OneDrive - JCT TECH PTY LTD\maven\repo\org\apache\tomcat\embed\tomcat-embed-el\9.0.19\tomcat-embed-el-9.0.19.jar;D:\OneDrive - JCT TECH PTY LTD\maven\repo\org\apache\tomcat\embed\tomcat-embed-websocket\9.0.19\tomcat-embed-websocket-9.0.19.jar;D:\OneDrive - JCT TECH PTY LTD\maven\repo\org\springframework\boot\spring-boot-starter-security\2.1.5.RELEASE\spring-boot-starter-security-2.1.5.RELEASE.jar;D:\OneDrive - JCT TECH PTY LTD\maven\repo\org\springframework\spring-aop\5.1.7.RELEASE\spring-aop-5.1.7.RELEASE.jar;D:\OneDrive - JCT TECH PTY LTD\maven\repo\org\springframework\security\spring-security-config\5.1.5.RELEASE\spring-security-config-5.1.5.RELEASE.jar;D:\OneDrive - JCT TECH PTY LTD\maven\repo\org\springframework\security\spring-security-web\5.1.5.RELEASE\spring-security-web-5.1.5.RELEASE.jar;D:\OneDrive - JCT TECH PTY LTD\maven\repo\org\springframework\security\spring-security-test\5.1.5.RELEASE\spring-security-test-5.1.5.RELEASE.jar;D:\OneDrive - JCT TECH PTY LTD\maven\repo\org\springframework\security\spring-security-core\5.1.5.RELEASE\spring-security-core-5.1.5.RELEASE.jar;D:\OneDrive - JCT TECH PTY LTD\maven\repo\org\springframework\spring-core\5.1.7.RELEASE\spring-core-5.1.7.RELEASE.jar;D:\OneDrive - JCT TECH PTY LTD\maven\repo\org\springframework\spring-jcl\5.1.7.RELEASE\spring-jcl-5.1.7.RELEASE.jar;D:\OneDrive - JCT TECH PTY LTD\maven\repo\org\springframework\spring-test\5.1.7.RELEASE\spring-test-5.1.7.RELEASE.jar;D:\OneDrive - JCT TECH PTY LTD\maven\repo\com\h2database\h2\1.4.199\h2-1.4.199.jar;D:\OneDrive - JCT TECH PTY LTD\maven\repo\org\springframework\boot\spring-boot-starter-test\2.1.5.RELEASE\spring-boot-starter-test-2.1.5.RELEASE.jar;D:\OneDrive - JCT TECH PTY LTD\maven\repo\org\springframework\boot\spring-boot-test\2.1.5.RELEASE\spring-boot-test-2.1.5.RELEASE.jar;D:\OneDrive - JCT TECH PTY LTD\maven\repo\org\springframework\boot\spring-boot-test-autoconfigure\2.1.5.RELEASE\spring-boot-test-autoconfigure-2.1.5.RELEASE.jar;D:\OneDrive - JCT TECH PTY LTD\maven\repo\com\jayway\jsonpath\json-path\2.4.0\json-path-2.4.0.jar;D:\OneDrive - JCT TECH PTY LTD\maven\repo\net\minidev\json-smart\2.3\json-smart-2.3.jar;D:\OneDrive - JCT TECH PTY LTD\maven\repo\net\minidev\accessors-smart\1.2\accessors-smart-1.2.jar;D:\OneDrive - JCT TECH PTY LTD\maven\repo\org\ow2\asm\asm\5.0.4\asm-5.0.4.jar;D:\OneDrive - JCT TECH PTY LTD\maven\repo\org\assertj\assertj-core\3.11.1\assertj-core-3.11.1.jar;D:\OneDrive - JCT TECH PTY LTD\maven\repo\org\mockito\mockito-core\2.23.4\mockito-core-2.23.4.jar;D:\OneDrive - JCT TECH PTY LTD\maven\repo\net\bytebuddy\byte-buddy-agent\1.9.12\byte-buddy-agent-1.9.12.jar;D:\OneDrive - JCT TECH PTY LTD\maven\repo\org\objenesis\objenesis\2.6\objenesis-2.6.jar;D:\OneDrive - JCT TECH PTY LTD\maven\repo\org\hamcrest\hamcrest-core\1.3\hamcrest-core-1.3.jar;D:\OneDrive - JCT TECH PTY LTD\maven\repo\org\hamcrest\hamcrest-library\1.3\hamcrest-library-1.3.jar;D:\OneDrive - JCT TECH PTY LTD\maven\repo\org\skyscreamer\jsonassert\1.5.0\jsonassert-1.5.0.jar;D:\OneDrive - JCT TECH PTY LTD\maven\repo\com\vaadin\external\google\android-json\0.0.20131108.vaadin1\android-json-0.0.20131108.vaadin1.jar;D:\OneDrive - JCT TECH PTY LTD\maven\repo\org\xmlunit\xmlunit-core\2.6.2\xmlunit-core-2.6.2.jar;D:\OneDrive - JCT TECH PTY LTD\maven\repo\org\junit\jupiter\junit-jupiter-engine\5.3.2\junit-jupiter-engine-5.3.2.jar;D:\OneDrive - JCT TECH PTY LTD\maven\repo\org\apiguardian\apiguardian-api\1.0.0\apiguardian-api-1.0.0.jar;D:\OneDrive - JCT TECH PTY LTD\maven\repo\org\junit\platform\junit-platform-engine\1.3.2\junit-platform-engine-1.3.2.jar;D:\OneDrive - JCT TECH PTY LTD\maven\repo\org\junit\platform\junit-platform-commons\1.3.2\junit-platform-commons-1.3.2.jar;D:\OneDrive - JCT TECH PTY LTD\maven\repo\org\opentest4j\opentest4j\1.1.1\opentest4j-1.1.1.jar;D:\OneDrive - JCT TECH PTY LTD\maven\repo\org\junit\jupiter\junit-jupiter-api\5.3.2\junit-jupiter-api-5.3.2.jar;D:\OneDrive - JCT TECH PTY LTD\maven\repo\org\projectlombok\lombok\1.18.8\lombok-1.18.8.jar;D:\OneDrive - JCT TECH PTY LTD\maven\repo\com\auth0\java-jwt\3.11.0\java-jwt-3.11.0.jar;D:\OneDrive - JCT TECH PTY LTD\maven\repo\com\fasterxml\jackson\core\jackson-databind\2.9.8\jackson-databind-2.9.8.jar;D:\OneDrive - JCT TECH PTY LTD\maven\repo\com\fasterxml\jackson\core\jackson-annotations\2.9.0\jackson-annotations-2.9.0.jar;D:\OneDrive - JCT TECH PTY LTD\maven\repo\com\fasterxml\jackson\core\jackson-core\2.9.8\jackson-core-2.9.8.jar;D:\OneDrive - JCT TECH PTY LTD\maven\repo\commons-codec\commons-codec\1.11\commons-codec-1.11.jar;"/>
    <property name="java.vm.vendor" value="Oracle Corporation"/>
    <property name="sun.arch.data.model" value="64"/>
    <property name="user.variant" value=""/>
    <property name="java.vendor.url" value="https://java.oracle.com/"/>
    <property name="user.timezone" value="Australia/Brisbane"/>
    <property name="os.name" value="Windows 10"/>
    <property name="java.vm.specification.version" value="14"/>
    <property name="sun.java.launcher" value="SUN_STANDARD"/>
    <property name="user.country" value="AU"/>
    <property name="sun.boot.library.path" value="C:\Program Files\Java\jdk-14\bin"/>
    <property name="sun.java.command" value="C:\Users\James\AppData\Local\Temp\surefire9050375689466053106\surefirebooter7276743411233218133.jar C:\Users\James\AppData\Local\Temp\surefire9050375689466053106 2021-01-13T01-11-45_539-jvmRun1 surefire15772844775441873064tmp surefire_06131311473072570002tmp"/>
    <property name="jdk.debug" value="release"/>
    <property name="surefire.test.class.path" value="D:\source\udacity\p04\eCommerce\target\test-classes;D:\source\udacity\p04\eCommerce\target\classes;D:\OneDrive - JCT TECH PTY LTD\maven\repo\org\springframework\boot\spring-boot-starter-data-jpa\2.1.5.RELEASE\spring-boot-starter-data-jpa-2.1.5.RELEASE.jar;D:\OneDrive - JCT TECH PTY LTD\maven\repo\org\springframework\boot\spring-boot-starter-aop\2.1.5.RELEASE\spring-boot-starter-aop-2.1.5.RELEASE.jar;D:\OneDrive - JCT TECH PTY LTD\maven\repo\org\aspectj\aspectjweaver\1.9.4\aspectjweaver-1.9.4.jar;D:\OneDrive - JCT TECH PTY LTD\maven\repo\org\springframework\boot\spring-boot-starter-jdbc\2.1.5.RELEASE\spring-boot-starter-jdbc-2.1.5.RELEASE.jar;D:\OneDrive - JCT TECH PTY LTD\maven\repo\com\zaxxer\HikariCP\3.2.0\HikariCP-3.2.0.jar;D:\OneDrive - JCT TECH PTY LTD\maven\repo\org\springframework\spring-jdbc\5.1.7.RELEASE\spring-jdbc-5.1.7.RELEASE.jar;D:\OneDrive - JCT TECH PTY LTD\maven\repo\javax\transaction\javax.transaction-api\1.3\javax.transaction-api-1.3.jar;D:\OneDrive - JCT TECH PTY LTD\maven\repo\javax\xml\bind\jaxb-api\2.3.1\jaxb-api-2.3.1.jar;D:\OneDrive - JCT TECH PTY LTD\maven\repo\javax\activation\javax.activation-api\1.2.0\javax.activation-api-1.2.0.jar;D:\OneDrive - JCT TECH PTY LTD\maven\repo\org\hibernate\hibernate-core\5.3.10.Final\hibernate-core-5.3.10.Final.jar;D:\OneDrive - JCT TECH PTY LTD\maven\repo\org\jboss\logging\jboss-logging\3.3.2.Final\jboss-logging-3.3.2.Final.jar;D:\OneDrive - JCT TECH PTY LTD\maven\repo\javax\persistence\javax.persistence-api\2.2\javax.persistence-api-2.2.jar;D:\OneDrive - JCT TECH PTY LTD\maven\repo\org\javassist\javassist\3.23.2-GA\javassist-3.23.2-GA.jar;D:\OneDrive - JCT TECH PTY LTD\maven\repo\net\bytebuddy\byte-buddy\1.9.12\byte-buddy-1.9.12.jar;D:\OneDrive - JCT TECH PTY LTD\maven\repo\antlr\antlr\2.7.7\antlr-2.7.7.jar;D:\OneDrive - JCT TECH PTY LTD\maven\repo\org\jboss\jandex\2.0.5.Final\jandex-2.0.5.Final.jar;D:\OneDrive - JCT TECH PTY LTD\maven\repo\com\fasterxml\classmate\1.4.0\classmate-1.4.0.jar;D:\OneDrive - JCT TECH PTY LTD\maven\repo\org\dom4j\dom4j\2.1.1\dom4j-2.1.1.jar;D:\OneDrive - JCT TECH PTY LTD\maven\repo\org\hibernate\common\hibernate-commons-annotations\5.0.4.Final\hibernate-commons-annotations-5.0.4.Final.jar;D:\OneDrive - JCT TECH PTY LTD\maven\repo\org\springframework\data\spring-data-jpa\2.1.8.RELEASE\spring-data-jpa-2.1.8.RELEASE.jar;D:\OneDrive - JCT TECH PTY LTD\maven\repo\org\springframework\data\spring-data-commons\2.1.8.RELEASE\spring-data-commons-2.1.8.RELEASE.jar;D:\OneDrive - JCT TECH PTY LTD\maven\repo\org\springframework\spring-orm\5.1.7.RELEASE\spring-orm-5.1.7.RELEASE.jar;D:\OneDrive - JCT TECH PTY LTD\maven\repo\org\springframework\spring-context\5.1.7.RELEASE\spring-context-5.1.7.RELEASE.jar;D:\OneDrive - JCT TECH PTY LTD\maven\repo\org\springframework\spring-tx\5.1.7.RELEASE\spring-tx-5.1.7.RELEASE.jar;D:\OneDrive - JCT TECH PTY LTD\maven\repo\org\springframework\spring-beans\5.1.7.RELEASE\spring-beans-5.1.7.RELEASE.jar;D:\OneDrive - JCT TECH PTY LTD\maven\repo\org\slf4j\slf4j-api\1.7.26\slf4j-api-1.7.26.jar;D:\OneDrive - JCT TECH PTY LTD\maven\repo\org\springframework\spring-aspects\5.1.7.RELEASE\spring-aspects-5.1.7.RELEASE.jar;D:\OneDrive - JCT TECH PTY LTD\maven\repo\org\springframework\boot\spring-boot-starter-web\2.1.5.RELEASE\spring-boot-starter-web-2.1.5.RELEASE.jar;D:\OneDrive - JCT TECH PTY LTD\maven\repo\org\springframework\boot\spring-boot-starter\2.1.5.RELEASE\spring-boot-starter-2.1.5.RELEASE.jar;D:\OneDrive - JCT TECH PTY LTD\maven\repo\org\springframework\boot\spring-boot\2.1.5.RELEASE\spring-boot-2.1.5.RELEASE.jar;D:\OneDrive - JCT TECH PTY LTD\maven\repo\org\springframework\boot\spring-boot-autoconfigure\2.1.5.RELEASE\spring-boot-autoconfigure-2.1.5.RELEASE.jar;D:\OneDrive - JCT TECH PTY LTD\maven\repo\org\springframework\boot\spring-boot-starter-logging\2.1.5.RELEASE\spring-boot-starter-logging-2.1.5.RELEASE.jar;D:\OneDrive - JCT TECH PTY LTD\maven\repo\ch\qos\logback\logback-classic\1.2.3\logback-classic-1.2.3.jar;D:\OneDrive - JCT TECH PTY LTD\maven\repo\ch\qos\logback\logback-core\1.2.3\logback-core-1.2.3.jar;D:\OneDrive - JCT TECH PTY LTD\maven\repo\org\apache\logging\log4j\log4j-to-slf4j\2.11.2\log4j-to-slf4j-2.11.2.jar;D:\OneDrive - JCT TECH PTY LTD\maven\repo\org\apache\logging\log4j\log4j-api\2.11.2\log4j-api-2.11.2.jar;D:\OneDrive - JCT TECH PTY LTD\maven\repo\org\slf4j\jul-to-slf4j\1.7.26\jul-to-slf4j-1.7.26.jar;D:\OneDrive - JCT TECH PTY LTD\maven\repo\org\yaml\snakeyaml\1.23\snakeyaml-1.23.jar;D:\OneDrive - JCT TECH PTY LTD\maven\repo\org\springframework\boot\spring-boot-starter-json\2.1.5.RELEASE\spring-boot-starter-json-2.1.5.RELEASE.jar;D:\OneDrive - JCT TECH PTY LTD\maven\repo\com\fasterxml\jackson\datatype\jackson-datatype-jdk8\2.9.8\jackson-datatype-jdk8-2.9.8.jar;D:\OneDrive - JCT TECH PTY LTD\maven\repo\com\fasterxml\jackson\datatype\jackson-datatype-jsr310\2.9.8\jackson-datatype-jsr310-2.9.8.jar;D:\OneDrive - JCT TECH PTY LTD\maven\repo\com\fasterxml\jackson\module\jackson-module-parameter-names\2.9.8\jackson-module-parameter-names-2.9.8.jar;D:\OneDrive - JCT TECH PTY LTD\maven\repo\org\hibernate\validator\hibernate-validator\6.0.16.Final\hibernate-validator-6.0.16.Final.jar;D:\OneDrive - JCT TECH PTY LTD\maven\repo\javax\validation\validation-api\2.0.1.Final\validation-api-2.0.1.Final.jar;D:\OneDrive - JCT TECH PTY LTD\maven\repo\org\springframework\spring-web\5.1.7.RELEASE\spring-web-5.1.7.RELEASE.jar;D:\OneDrive - JCT TECH PTY LTD\maven\repo\org\springframework\spring-webmvc\5.1.7.RELEASE\spring-webmvc-5.1.7.RELEASE.jar;D:\OneDrive - JCT TECH PTY LTD\maven\repo\org\springframework\spring-expression\5.1.7.RELEASE\spring-expression-5.1.7.RELEASE.jar;D:\OneDrive - JCT TECH PTY LTD\maven\repo\org\springframework\boot\spring-boot-starter-tomcat\2.1.5.RELEASE\spring-boot-starter-tomcat-2.1.5.RELEASE.jar;D:\OneDrive - JCT TECH PTY LTD\maven\repo\javax\annotation\javax.annotation-api\1.3.2\javax.annotation-api-1.3.2.jar;D:\OneDrive - JCT TECH PTY LTD\maven\repo\org\apache\tomcat\embed\tomcat-embed-core\9.0.19\tomcat-embed-core-9.0.19.jar;D:\OneDrive - JCT TECH PTY LTD\maven\repo\org\apache\tomcat\embed\tomcat-embed-el\9.0.19\tomcat-embed-el-9.0.19.jar;D:\OneDrive - JCT TECH PTY LTD\maven\repo\org\apache\tomcat\embed\tomcat-embed-websocket\9.0.19\tomcat-embed-websocket-9.0.19.jar;D:\OneDrive - JCT TECH PTY LTD\maven\repo\org\springframework\boot\spring-boot-starter-security\2.1.5.RELEASE\spring-boot-starter-security-2.1.5.RELEASE.jar;D:\OneDrive - JCT TECH PTY LTD\maven\repo\org\springframework\spring-aop\5.1.7.RELEASE\spring-aop-5.1.7.RELEASE.jar;D:\OneDrive - JCT TECH PTY LTD\maven\repo\org\springframework\security\spring-security-config\5.1.5.RELEASE\spring-security-config-5.1.5.RELEASE.jar;D:\OneDrive - JCT TECH PTY LTD\maven\repo\org\springframework\security\spring-security-web\5.1.5.RELEASE\spring-security-web-5.1.5.RELEASE.jar;D:\OneDrive - JCT TECH PTY LTD\maven\repo\org\springframework\security\spring-security-test\5.1.5.RELEASE\spring-security-test-5.1.5.RELEASE.jar;D:\OneDrive - JCT TECH PTY LTD\maven\repo\org\springframework\security\spring-security-core\5.1.5.RELEASE\spring-security-core-5.1.5.RELEASE.jar;D:\OneDrive - JCT TECH PTY LTD\maven\repo\org\springframework\spring-core\5.1.7.RELEASE\spring-core-5.1.7.RELEASE.jar;D:\OneDrive - JCT TECH PTY LTD\maven\repo\org\springframework\spring-jcl\5.1.7.RELEASE\spring-jcl-5.1.7.RELEASE.jar;D:\OneDrive - JCT TECH PTY LTD\maven\repo\org\springframework\spring-test\5.1.7.RELEASE\spring-test-5.1.7.RELEASE.jar;D:\OneDrive - JCT TECH PTY LTD\maven\repo\com\h2database\h2\1.4.199\h2-1.4.199.jar;D:\OneDrive - JCT TECH PTY LTD\maven\repo\org\springframework\boot\spring-boot-starter-test\2.1.5.RELEASE\spring-boot-starter-test-2.1.5.RELEASE.jar;D:\OneDrive - JCT TECH PTY LTD\maven\repo\org\springframework\boot\spring-boot-test\2.1.5.RELEASE\spring-boot-test-2.1.5.RELEASE.jar;D:\OneDrive - JCT TECH PTY LTD\maven\repo\org\springframework\boot\spring-boot-test-autoconfigure\2.1.5.RELEASE\spring-boot-test-autoconfigure-2.1.5.RELEASE.jar;D:\OneDrive - JCT TECH PTY LTD\maven\repo\com\jayway\jsonpath\json-path\2.4.0\json-path-2.4.0.jar;D:\OneDrive - JCT TECH PTY LTD\maven\repo\net\minidev\json-smart\2.3\json-smart-2.3.jar;D:\OneDrive - JCT TECH PTY LTD\maven\repo\net\minidev\accessors-smart\1.2\accessors-smart-1.2.jar;D:\OneDrive - JCT TECH PTY LTD\maven\repo\org\ow2\asm\asm\5.0.4\asm-5.0.4.jar;D:\OneDrive - JCT TECH PTY LTD\maven\repo\org\assertj\assertj-core\3.11.1\assertj-core-3.11.1.jar;D:\OneDrive - JCT TECH PTY LTD\maven\repo\org\mockito\mockito-core\2.23.4\mockito-core-2.23.4.jar;D:\OneDrive - JCT TECH PTY LTD\maven\repo\net\bytebuddy\byte-buddy-agent\1.9.12\byte-buddy-agent-1.9.12.jar;D:\OneDrive - JCT TECH PTY LTD\maven\repo\org\objenesis\objenesis\2.6\objenesis-2.6.jar;D:\OneDrive - JCT TECH PTY LTD\maven\repo\org\hamcrest\hamcrest-core\1.3\hamcrest-core-1.3.jar;D:\OneDrive - JCT TECH PTY LTD\maven\repo\org\hamcrest\hamcrest-library\1.3\hamcrest-library-1.3.jar;D:\OneDrive - JCT TECH PTY LTD\maven\repo\org\skyscreamer\jsonassert\1.5.0\jsonassert-1.5.0.jar;D:\OneDrive - JCT TECH PTY LTD\maven\repo\com\vaadin\external\google\android-json\0.0.20131108.vaadin1\android-json-0.0.20131108.vaadin1.jar;D:\OneDrive - JCT TECH PTY LTD\maven\repo\org\xmlunit\xmlunit-core\2.6.2\xmlunit-core-2.6.2.jar;D:\OneDrive - JCT TECH PTY LTD\maven\repo\org\junit\jupiter\junit-jupiter-engine\5.3.2\junit-jupiter-engine-5.3.2.jar;D:\OneDrive - JCT TECH PTY LTD\maven\repo\org\apiguardian\apiguardian-api\1.0.0\apiguardian-api-1.0.0.jar;D:\OneDrive - JCT TECH PTY LTD\maven\repo\org\junit\platform\junit-platform-engine\1.3.2\junit-platform-engine-1.3.2.jar;D:\OneDrive - JCT TECH PTY LTD\maven\repo\org\junit\platform\junit-platform-commons\1.3.2\junit-platform-commons-1.3.2.jar;D:\OneDrive - JCT TECH PTY LTD\maven\repo\org\opentest4j\opentest4j\1.1.1\opentest4j-1.1.1.jar;D:\OneDrive - JCT TECH PTY LTD\maven\repo\org\junit\jupiter\junit-jupiter-api\5.3.2\junit-jupiter-api-5.3.2.jar;D:\OneDrive - JCT TECH PTY LTD\maven\repo\org\projectlombok\lombok\1.18.8\lombok-1.18.8.jar;D:\OneDrive - JCT TECH PTY LTD\maven\repo\com\auth0\java-jwt\3.11.0\java-jwt-3.11.0.jar;D:\OneDrive - JCT TECH PTY LTD\maven\repo\com\fasterxml\jackson\core\jackson-databind\2.9.8\jackson-databind-2.9.8.jar;D:\OneDrive - JCT TECH PTY LTD\maven\repo\com\fasterxml\jackson\core\jackson-annotations\2.9.0\jackson-annotations-2.9.0.jar;D:\OneDrive - JCT TECH PTY LTD\maven\repo\com\fasterxml\jackson\core\jackson-core\2.9.8\jackson-core-2.9.8.jar;D:\OneDrive - JCT TECH PTY LTD\maven\repo\commons-codec\commons-codec\1.11\commons-codec-1.11.jar;"/>
    <property name="sun.cpu.endian" value="little"/>
    <property name="user.home" value="C:\Users\James"/>
    <property name="user.language" value="en"/>
    <property name="java.specification.vendor" value="Oracle Corporation"/>
    <property name="java.version.date" value="2020-03-17"/>
    <property name="java.home" value="C:\Program Files\Java\jdk-14"/>
    <property name="file.separator" value="\"/>
    <property name="basedir" value="D:\source\udacity\p04\eCommerce"/>
    <property name="java.vm.compressedOopsMode" value="Zero based"/>
    <property name="line.separator" value="&#10;"/>
    <property name="java.vm.specification.vendor" value="Oracle Corporation"/>
    <property name="java.specification.name" value="Java Platform API Specification"/>
    <property name="surefire.real.class.path" value="C:\Users\James\AppData\Local\Temp\surefire9050375689466053106\surefirebooter7276743411233218133.jar"/>
    <property name="user.script" value=""/>
    <property name="sun.management.compiler" value="HotSpot 64-Bit Tiered Compilers"/>
    <property name="java.runtime.version" value="14+36-1461"/>
    <property name="user.name" value="James"/>
    <property name="path.separator" value=";"/>
    <property name="os.version" value="10.0"/>
    <property name="java.runtime.name" value="Java(TM) SE Runtime Environment"/>
    <property name="file.encoding" value="Cp1252"/>
    <property name="java.vm.name" value="Java HotSpot(TM) 64-Bit Server VM"/>
    <property name="localRepository" value="D:\OneDrive - JCT TECH PTY LTD\maven\repo"/>
    <property name="java.vendor.url.bug" value="https://bugreport.java.com/bugreport/"/>
    <property name="java.io.tmpdir" value="C:\Users\James\AppData\Local\Temp\"/>
    <property name="idea.version" value="2020.2.3"/>
    <property name="java.version" value="14"/>
    <property name="user.dir" value="D:\source\udacity\p04\eCommerce"/>
    <property name="os.arch" value="amd64"/>
    <property name="java.vm.specification.name" value="Java Virtual Machine Specification"/>
    <property name="sun.os.patch.level" value=""/>
    <property name="java.library.path" value="C:\Program Files\Java\jdk-14\bin;C:\WINDOWS\Sun\Java\bin;C:\WINDOWS\system32;C:\WINDOWS;C:\Program Files (x86)\Microsoft SDKs\Azure\CLI2\wbin;C:\Python\Python38\Scripts\;C:\Python\Python38\;C:\Program Files\ImageMagick-7.0.9-Q16;C:\Program Files (x86)\Common Files\Intel\Shared Libraries\redist\intel64\compiler;C:\Program Files\Microsoft MPI\Bin\;c:\windows\system32;c:\windows;c:\windows\system32\wbem;c:\windows\system32\windowspowershell\v1.0\;c:\program files\openvpn\bin;c:\oracle\instantclient_12_1 (x64);C:\Program Files (x86)\GtkSharp\2.12\bin;C:\Program Files\PuTTY\;C:\Program Files\Amazon\AWSCLI\;C:\Program Files\CMake\bin;C:\MinGW\bin;C:\Program Files\Calibre2\;C:\WINDOWS\system32;C:\WINDOWS;C:\WINDOWS\System32\Wbem;C:\WINDOWS\System32\WindowsPowerShell\v1.0\;C:\Program Files\dotnet\;C:\Program Files\Microsoft SQL Server\130\Tools\Binn\;C:\Program Files (x86)\Microsoft SQL Server\140\DTS\Binn\;C:\Program Files (x86)\Microsoft SQL Server\Client SDK\ODBC\130\Tools\Binn\;C:\Program Files (x86)\Microsoft SQL Server\140\Tools\Binn\;C:\Program Files (x86)\Microsoft SQL Server\140\Tools\Binn\ManagementStudio\;C:\Users\James\.dnx\bin;C:\Program Files\Microsoft DNX\Dnvm\;C:\Program Files\Microsoft SQL Server\120\Tools\Binn\;C:\WINDOWS\System32\OpenSSH\;C:\Program Files (x86)\Brackets\command;C:\Program Files (x86)\sbt\bin;C:\Program Files\JetBrains\IntelliJ IDEA Community Edition 2018.2\plugins\maven\lib\maven3\bin;C:\Program Files\Git\cmd;C:\Program Files (x86)\Microsoft SQL Server\150\DTS\Binn\;C:\Program Files\NVIDIA Corporation\NVIDIA NvDLISR;C:\Program Files (x86)\NVIDIA Corporation\PhysX\Common;C:\WINDOWS\system32;C:\WINDOWS;C:\WINDOWS\System32\Wbem;C:\WINDOWS\System32\WindowsPowerShell\v1.0\;C:\WINDOWS\System32\OpenSSH\;C:\Program Files\Java\jdk-11.0.3\bin;C:\ProgramData\chocolatey\bin;C:\Program Files\Microsoft SQL Server\Client SDK\ODBC\170\Tools\Binn\;C:\Program Files (x86)\Microsoft SQL Server\150\Tools\Binn\;C:\Program Files\Microsoft SQL Server\150\Tools\Binn\;C:\Program Files\Microsoft SQL Server\150\DTS\Binn\;C:\Program Files\Docker\Docker\resources\bin;C:\ProgramData\DockerDesktop\version-bin;C:\Program Files\nodejs\;C:\Confluent\ccloud;C:\Program Files\Microsoft\Azure Functions Core Tools\;C:\tools\lxrunoffline;C:\Users\James\Anaconda3;C:\Users\James\Anaconda3\Scripts;C:\Users\James\Anaconda3\Library\bin;C:\Program Files\Intel\WiFi\bin\;C:\Program Files\Common Files\Intel\WirelessCommon\;C:\Users\James\AppData\Local\Microsoft\WindowsApps;C:\Users\James\AppData\Local\atom\bin;C:\Users\James\AppData\Local\Microsoft\WindowsApps;C:\Users\James\AppData\Local\Programs\Microsoft VS Code\bin;C:\Users\James\AppData\Roaming\Python\Python38\Scripts;C:\Users\James\AppData\Roaming\npm;C:\Users\James\.dotnet\tools;C:\Users\James\.dotnet\tools;."/>
    <property name="java.vm.info" value="mixed mode, sharing"/>
    <property name="java.vendor" value="Oracle Corporation"/>
    <property name="java.vm.version" value="14+36-1461"/>
    <property name="sun.io.unicode.encoding" value="UnicodeLittle"/>
    <property name="maven.repo.local" value="D:\OneDrive - JCT TECH PTY LTD\maven\repo"/>
    <property name="java.class.version" value="58.0"/>
  </properties>
  <testcase name="createUserPasswordTest" classname="com.udacity.ecommerce.controllers.UserControllerTest" time="0.002"/>
  <testcase name="getUserByName" classname="com.udacity.ecommerce.controllers.UserControllerTest" time="0.001"/>
  <testcase name="getUserByIdTest" classname="com.udacity.ecommerce.controllers.UserControllerTest" time="0.001"/>
</testsuite>